<?xml version="1.0" encoding="UTF-8"?>
<testng-results ignored="0" total="1" passed="1" failed="0" skipped="0">
  <reporter-output>
  </reporter-output>
  <suite started-at="2023-11-17T15:09:23 IST" name="Surefire suite" finished-at="2023-11-17T15:09:24 IST" duration-ms="649">
    <groups>
    </groups>
    <test started-at="2023-11-17T15:09:23 IST" name="Surefire test" finished-at="2023-11-17T15:09:24 IST" duration-ms="649">
      <class name="com.rest.Test">
        <test-method signature="validate_get_status_code()[pri:0, instance:com.rest.Test@3315d2d7]" started-at="2023-11-17T15:09:23 IST" name="validate_get_status_code" finished-at="2023-11-17T15:09:24 IST" duration-ms="597" status="PASS">
          <reporter-output>
          </reporter-output>
        </test-method> <!-- validate_get_status_code -->
      </class> <!-- com.rest.Test -->
    </test> <!-- Surefire test -->
  </suite> <!-- Surefire suite -->
</testng-results>
